-------------------------------------------------------------------------------
Test set: com.presta.tests.SmokeTest
-------------------------------------------------------------------------------
Tests run: 2, Failures: 1, Errors: 0, Skipped: 0, Time elapsed: 37.644 sec <<< FAILURE!
alogin_Positive(com.presta.tests.SmokeTest)  Time elapsed: 1.024 sec  <<< FAILURE!
java.lang.AssertionError: expected [true] but found [false]
	at org.testng.Assert.fail(Assert.java:93)
	at org.testng.Assert.failNotEquals(Assert.java:512)
	at org.testng.Assert.assertTrue(Assert.java:41)
	at org.testng.Assert.assertTrue(Assert.java:51)
	at com.presta.tests.SmokeTest.alogin_Positive(SmokeTest.java:55)

