<?xml version="1.0" encoding="UTF-8"?>
<testng-results skipped="0" failed="1" ignored="6" total="8" passed="1">
  <reporter-output>
    <line>
      <![CDATA[in properties qa loop]]>
    </line>
    <line>
      <![CDATA[in browser loop]]>
    </line>
    <line>
      <![CDATA[in browser loop]]>
    </line>
    <line>
      <![CDATA[in browser loop]]>
    </line>
    <line>
      <![CDATA[in browser loop]]>
    </line>
    <line>
      <![CDATA[in browser loop]]>
    </line>
    <line>
      <![CDATA[in before class  ]]>
    </line>
    <line>
      <![CDATA[Sheet created]]>
    </line>
    <line>
      <![CDATA[ Failed Test Method name is:- alogin_Positive]]>
    </line>
    <line>
      <![CDATA[-Failed-]]>
    </line>
    <line>
      <![CDATA[Test method name is:- alogin_Positive]]>
    </line>
    <line>
      <![CDATA[Test name is:- login_Positive]]>
    </line>
    <line>
      <![CDATA[<a href=../surefire-reports/1520816125230.jpg target="_blank">ScreenShot_alogin_Positive</a>]]>
    </line>
    <line>
      <![CDATA[Passed Test Method name is:- login_Negative]]>
    </line>
    <line>
      <![CDATA[Test name is:- login_Negative]]>
    </line>
    <line>
      <![CDATA[Test desc is:- login_Negative]]>
    </line>
  </reporter-output>
  <suite name="com.presta.tests.SmokeTest" duration-ms="10043" started-at="2018-03-12T00:55:24Z" finished-at="2018-03-12T00:55:34Z">
    <groups>
      <group name="1">
        <method signature="SmokeTest.alogin_Positive()[pri:1, instance:com.presta.tests.SmokeTest@5f9b2141]" name="alogin_Positive" class="com.presta.tests.SmokeTest"/>
      </group> <!-- 1 -->
      <group name="2">
        <method signature="SmokeTest.login_Negative()[pri:2, instance:com.presta.tests.SmokeTest@5f9b2141]" name="login_Negative" class="com.presta.tests.SmokeTest"/>
      </group> <!-- 2 -->
      <group name="smoke">
        <method signature="SmokeTest.alogin_Positive()[pri:1, instance:com.presta.tests.SmokeTest@5f9b2141]" name="alogin_Positive" class="com.presta.tests.SmokeTest"/>
        <method signature="SmokeTest.login_Negative()[pri:2, instance:com.presta.tests.SmokeTest@5f9b2141]" name="login_Negative" class="com.presta.tests.SmokeTest"/>
      </group> <!-- smoke -->
    </groups>
    <test name="Command line test" duration-ms="10043" started-at="2018-03-12T00:55:24Z" finished-at="2018-03-12T00:55:34Z">
      <class name="com.presta.tests.SmokeTest">
        <test-method status="PASS" signature="loginToApp()[pri:0, instance:com.presta.tests.SmokeTest@5f9b2141]" name="loginToApp" is-config="true" duration-ms="14391" started-at="2018-03-11T20:55:10Z" finished-at="2018-03-11T20:55:24Z">
          <reporter-output>
          </reporter-output>
        </test-method> <!-- loginToApp -->
        <test-method status="FAIL" signature="alogin_Positive()[pri:1, instance:com.presta.tests.SmokeTest@5f9b2141]" name="alogin_Positive" duration-ms="69" started-at="2018-03-11T20:55:25Z" description="login_Positive" finished-at="2018-03-11T20:55:25Z">
          <exception class="java.lang.AssertionError">
            <message>
              <![CDATA[expected [true] but found [false]]]>
            </message>
            <full-stacktrace>
              <![CDATA[java.lang.AssertionError: expected [true] but found [false]
	at org.testng.Assert.fail(Assert.java:93)
	at org.testng.Assert.failNotEquals(Assert.java:512)
	at org.testng.Assert.assertTrue(Assert.java:41)
	at org.testng.Assert.assertTrue(Assert.java:51)
	at com.presta.tests.SmokeTest.alogin_Positive(SmokeTest.java:55)
	at sun.reflect.NativeMethodAccessorImpl.invoke0(Native Method)
	at sun.reflect.NativeMethodAccessorImpl.invoke(NativeMethodAccessorImpl.java:62)
	at sun.reflect.DelegatingMethodAccessorImpl.invoke(DelegatingMethodAccessorImpl.java:43)
	at java.lang.reflect.Method.invoke(Method.java:498)
	at org.testng.internal.MethodInvocationHelper.invokeMethod(MethodInvocationHelper.java:108)
	at org.testng.internal.InvokeMethodRunnable.runOne(InvokeMethodRunnable.java:54)
	at org.testng.internal.InvokeMethodRunnable.run(InvokeMethodRunnable.java:44)
	at java.util.concurrent.Executors$RunnableAdapter.call(Executors.java:511)
	at java.util.concurrent.FutureTask.run(FutureTask.java:266)
	at java.util.concurrent.ThreadPoolExecutor.runWorker(ThreadPoolExecutor.java:1149)
	at java.util.concurrent.ThreadPoolExecutor$Worker.run(ThreadPoolExecutor.java:624)
	at java.lang.Thread.run(Thread.java:748)
]]>
            </full-stacktrace>
          </exception> <!-- java.lang.AssertionError -->
          <reporter-output>
            <line>
              <![CDATA[ Failed Test Method name is:- alogin_Positive]]>
            </line>
            <line>
              <![CDATA[-Failed-]]>
            </line>
            <line>
              <![CDATA[Test method name is:- alogin_Positive]]>
            </line>
            <line>
              <![CDATA[Test name is:- login_Positive]]>
            </line>
            <line>
              <![CDATA[<a href=../surefire-reports/1520816125230.jpg target="_blank">ScreenShot_alogin_Positive</a>]]>
            </line>
          </reporter-output>
        </test-method> <!-- alogin_Positive -->
        <test-method status="PASS" signature="login_Negative()[pri:2, instance:com.presta.tests.SmokeTest@5f9b2141]" name="login_Negative" duration-ms="8738" started-at="2018-03-11T20:55:26Z" description="login_Negative" finished-at="2018-03-11T20:55:34Z">
          <reporter-output>
            <line>
              <![CDATA[Passed Test Method name is:- login_Negative]]>
            </line>
            <line>
              <![CDATA[Test name is:- login_Negative]]>
            </line>
            <line>
              <![CDATA[Test desc is:- login_Negative]]>
            </line>
          </reporter-output>
        </test-method> <!-- login_Negative -->
        <test-method status="PASS" signature="closeBrowser()[pri:0, instance:com.presta.tests.SmokeTest@5f9b2141]" name="closeBrowser" is-config="true" duration-ms="1463" started-at="2018-03-11T20:55:35Z" finished-at="2018-03-11T20:55:36Z">
          <reporter-output>
          </reporter-output>
        </test-method> <!-- closeBrowser -->
      </class> <!-- com.presta.tests.SmokeTest -->
    </test> <!-- Command line test -->
  </suite> <!-- com.presta.tests.SmokeTest -->
</testng-results>
